<?xml version="1.0" encoding="UTF-8"?>
<testsuite xmlns:xsi="http://www.w3.org/2001/XMLSchema-instance" xsi:noNamespaceSchemaLocation="https://maven.apache.org/surefire/maven-surefire-plugin/xsd/surefire-test-report-3.0.xsd" version="3.0" name="pl.wwsis.zpp.blog.model.PostTest" time="0.001" tests="4" errors="0" skipped="0" failures="0">
  <properties>
[...]
</properties>
  <testcase name="returnedCommentListShouldBeUnmodifiable" classname="pl.wwsis.zpp.blog.model.PostTest" time="0.0"/>
  <testcase name="addComment_shouldLinkCommentToThePost" classname="pl.wwsis.zpp.blog.model.PostTest" time="0.0"/>
  <testcase name="newPostShouldHaveDateSet" classname="pl.wwsis.zpp.blog.model.PostTest" time="0.0"/>
  <testcase name="newPostShouldHaveEmptyListOfComments" classname="pl.wwsis.zpp.blog.model.PostTest" time="0.0"/>
</testsuite>